
                               Synplify Pro (R) 

                 Version V-2023.09M for linux64 - Jan 04, 2024 

                    Copyright (c) 1988 - 2024 Synopsys, Inc.
   This software and the associated documentation are proprietary to Synopsys,
 Inc. This software may only be used in accordance with the terms and conditions
 of a written license agreement with Synopsys, Inc. All other use, reproduction,
   or distribution of this software is strictly prohibited.  Licensed Products
     communicate with Synopsys servers for the purpose of providing software
    updates, detecting software piracy and verifying that customers are using
    Licensed Products in conformity with the applicable License Key for such
  Licensed Products. Synopsys will use information gathered in connection with
    this process to deliver software updates and pursue software pirates and
                                   infringers.

 Inclusivity & Diversity - Visit SolvNetPlus to read the "Synopsys Statement on
            Inclusivity and Diversity" (Refer to article 000036315 at
                        https://solvnetplus.synopsys.com)

Starting:    /home/student/Microchip/Libero_SoC_v2024.1/SynplifyPro/linux_a_64/mbin/synbatch
Install:     /home/student/Microchip/Libero_SoC_v2024.1/SynplifyPro
Hostname:    SchmidtsPC1
Date:        Sat Aug 10 20:25:17 2024
Version:     V-2023.09M

Arguments:   -product synplify_base -licensetype synplifypro_actel -batch -log synplify.log DEFAULT_5FA9D321C0A50A8B39677C_syn.tcl
ProductType: synplify_pro

License checkout: synplifypro_actel
License: synplifypro_actel from server localhost 
Licensed Vendor: actel
License Option: actel_oem

Running in Vendor Mode


Implementation not found: synthesis
log file: "/home/student/gateware_projects/gateware/work/libero/synthesis/DEFAULT_5FA9D321C0A50A8B39677C.srr"
Running: synthesis in foreground

Running DEFAULT_5FA9D321C0A50A8B39677C_syn|synthesis

Running Flow: compile (Compile) on DEFAULT_5FA9D321C0A50A8B39677C_syn|synthesis
# Sat Aug 10 20:25:18 2024

Running Flow: compile_flow (Compile Process) on DEFAULT_5FA9D321C0A50A8B39677C_syn|synthesis
# Sat Aug 10 20:25:18 2024

Running: compiler (Compile Input) on DEFAULT_5FA9D321C0A50A8B39677C_syn|synthesis
# Sat Aug 10 20:25:18 2024
Process ID: 11281
Copied /home/student/gateware_projects/gateware/work/libero/synthesis/synwork/DEFAULT_5FA9D321C0A50A8B39677C_comp.srs to /home/student/gateware_projects/gateware/work/libero/synthesis/DEFAULT_5FA9D321C0A50A8B39677C.srs

compiler completed
# Sat Aug 10 20:25:24 2024

Return Code: 0
Run Time:00h:00m:05s

Running: multi_srs_gen (Multi-srs Generator) on DEFAULT_5FA9D321C0A50A8B39677C_syn|synthesis
# Sat Aug 10 20:25:24 2024
Process ID: 11329

multi_srs_gen completed
# Sat Aug 10 20:25:25 2024

Return Code: 0
Run Time:00h:00m:01s
Copied /home/student/gateware_projects/gateware/work/libero/synthesis/synwork/DEFAULT_5FA9D321C0A50A8B39677C_mult.srs to /home/student/gateware_projects/gateware/work/libero/synthesis/DEFAULT_5FA9D321C0A50A8B39677C.srs
Complete: Compile Process on DEFAULT_5FA9D321C0A50A8B39677C_syn|synthesis

Running: premap (Premap) on DEFAULT_5FA9D321C0A50A8B39677C_syn|synthesis
# Sat Aug 10 20:25:25 2024
Process ID: 11345

premap completed with warnings
# Sat Aug 10 20:25:41 2024

Return Code: 1
Run Time:00h:00m:16s
Complete: Compile on DEFAULT_5FA9D321C0A50A8B39677C_syn|synthesis

Running Flow: map (Map) on DEFAULT_5FA9D321C0A50A8B39677C_syn|synthesis
# Sat Aug 10 20:25:41 2024
License granted for 4 parallel jobs

Running: fpga_mapper (Map & Optimize) on DEFAULT_5FA9D321C0A50A8B39677C_syn|synthesis
# Sat Aug 10 20:25:41 2024
Process ID: 11360
Copied /home/student/gateware_projects/gateware/work/libero/synthesis/synwork/DEFAULT_5FA9D321C0A50A8B39677C_m.srm to /home/student/gateware_projects/gateware/work/libero/synthesis/DEFAULT_5FA9D321C0A50A8B39677C.srm

fpga_mapper completed with warnings
# Sat Aug 10 20:26:38 2024

Return Code: 1
Run Time:00h:00m:57s
Complete: Map on DEFAULT_5FA9D321C0A50A8B39677C_syn|synthesis
Complete: Logic Synthesis on DEFAULT_5FA9D321C0A50A8B39677C_syn|synthesis
Copied /home/student/gateware_projects/gateware/work/libero/synthesis/DEFAULT_5FA9D321C0A50A8B39677C.srr to /home/student/gateware_projects/gateware/work/libero/synthesis/backup/DEFAULT_5FA9D321C0A50A8B39677C.srr
TCL script complete: "DEFAULT_5FA9D321C0A50A8B39677C_syn.tcl"
exit status=0
exit status=0
License checkin: synplifypro_actel
