{
"Synplify Pro (R) Job Log" : {
	"Date" : "20:26:38    10-Aug-2024",
	"Working Directory" : "/home/student/gateware_projects/gateware/work/libero/synthesis",
	"CDPL Log file" : "-",
	"Install" : "/home/student/Microchip/Libero_SoC_v2024.1/SynplifyPro"
},
"synthesis" :{
   "Job Flow" : "Sequential",
   "Start Time" : "20:25:18",
   "Runtime" : "01m:20s",
   "Executable Run Time" : "01m:19s",
   "synthesis" : {
      "Job Flow" : "Sequential",
      "Start Time" : "20:25:18",
      "Runtime" : "01m:20s",
      "Executable Run Time" : "01m:19s",
      "compile" : {
         "Job Flow" : "Sequential",
         "Start Time" : "20:25:18",
         "Runtime" : "23s",
         "Executable Run Time" : "22s",
         "compile_flow" : {
            "Job Flow" : "Sequential",
            "Start Time" : "20:25:18",
            "Runtime" : "07s",
            "Executable Run Time" : "06s",
            "compiler" : {
               "executable" : "bin/c_hdl",
               "Run Directory" : "/home/student/gateware_projects/gateware/work/libero/synthesis",
               "Run State" : "Complete",
               "Return Code" : "0",
               "Has Errors" : "no",
               "Run Start Time" : "20:25:18",
               "Run Time" : "06s",
               "Exe Run Time" : "05s",
               "Memory Usage" : "2.636000",
               "CDPL" : "off",
               "Up-to-date (run skipped)" : "no"
            },
            "multi_srs_gen" : {
               "executable" : "bin/syn_nfilter",
               "Run Directory" : "/home/student/gateware_projects/gateware/work/libero/synthesis",
               "Run State" : "Complete",
               "Return Code" : "0",
               "Has Errors" : "no",
               "Run Start Time" : "20:25:24",
               "Run Time" : "01s",
               "Exe Run Time" : "01s",
               "Memory Usage" : "2.636000",
               "CDPL" : "off",
               "Up-to-date (run skipped)" : "no"
            }
         },
         "premap" : {
            "executable" : "bin/m_generic",
            "Run Directory" : "/home/student/gateware_projects/gateware/work/libero/synthesis",
            "Run State" : "Complete",
            "Return Code" : "1",
            "Has Errors" : "no",
            "Run Start Time" : "20:25:25",
            "Run Time" : "16s",
            "Exe Run Time" : "16s",
            "Memory Usage" : "2.636000",
            "CDPL" : "off",
            "Up-to-date (run skipped)" : "no"
         }
      },
      "map" : {
         "Job Flow" : "Sequential",
         "Start Time" : "20:25:41",
         "Runtime" : "57s",
         "Executable Run Time" : "57s",
         "fpga_mapper" : {
            "executable" : "bin/m_generic",
            "Run Directory" : "/home/student/gateware_projects/gateware/work/libero/synthesis",
            "Run State" : "Complete",
            "Return Code" : "1",
            "Has Errors" : "no",
            "Run Start Time" : "20:25:41",
            "Run Time" : "57s",
            "Exe Run Time" : "57s",
            "Memory Usage" : "2.636000",
            "CDPL" : "off",
            "Up-to-date (run skipped)" : "no"
         }
      }
   }
}
}